[
  {"linter":"gas","severity":"warning","path":"bayesian.go","line":18,"col":0,"message":"Errors unhandled.,LOW,HIGH"},
  {"linter":"gas","severity":"warning","path":"bayesian.go","line":38,"col":0,"message":"Errors unhandled.,LOW,HIGH"},
  {"linter":"gas","severity":"warning","path":"bayesian.go","line":42,"col":0,"message":"Errors unhandled.,LOW,HIGH"},
  {"linter":"gas","severity":"warning","path":"bayesian.go","line":45,"col":0,"message":"Errors unhandled.,LOW,HIGH"},
  {"linter":"gas","severity":"warning","path":"bayesian.go","line":50,"col":0,"message":"Errors unhandled.,LOW,HIGH"},
  {"linter":"gas","severity":"warning","path":"daemon.go","line":45,"col":0,"message":"Subprocess launching with variable.,HIGH,HIGH"},
  {"linter":"gas","severity":"warning","path":"daemon.go","line":115,"col":0,"message":"Subprocess launching with variable.,HIGH,HIGH"},
  {"linter":"gas","severity":"warning","path":"daemon.go","line":122,"col":0,"message":"Subprocess launching with variable.,HIGH,HIGH"},
  {"linter":"gocyclo","severity":"warning","path":"mail.go","line":232,"col":0,"message":"cyclomatic complexity 16 of function (*Mail).Classify() is high (\u003e 10)"},
  {"linter":"dupl","severity":"warning","path":"mail_test.go","line":135,"col":0,"message":"duplicate of mail_test.go:160-183"},
  {"linter":"dupl","severity":"warning","path":"mail_test.go","line":160,"col":0,"message":"duplicate of mail_test.go:185-208"},
  {"linter":"dupl","severity":"warning","path":"mail_test.go","line":185,"col":0,"message":"duplicate of mail_test.go:210-233"},
  {"linter":"dupl","severity":"warning","path":"mail_test.go","line":210,"col":0,"message":"duplicate of mail_test.go:235-258"},
  {"linter":"dupl","severity":"warning","path":"mail_test.go","line":235,"col":0,"message":"duplicate of mail_test.go:260-283"},
  {"linter":"dupl","severity":"warning","path":"mail_test.go","line":260,"col":0,"message":"duplicate of mail_test.go:135-158"},
  {"linter":"errcheck","severity":"warning","path":"bayesian.go","line":18,"col":9,"message":"error return value not checked (db.View(func(tx *bolt.Tx) error {)"},
  {"linter":"errcheck","severity":"warning","path":"bayesian.go","line":38,"col":9,"message":"error return value not checked (db.View(func(tx *bolt.Tx) error {)"},
  {"linter":"errcheck","severity":"warning","path":"daemon.go","line":26,"col":18,"message":"error return value not checked (defer file.Close())"},
  {"linter":"errcheck","severity":"warning","path":"mail.go","line":275,"col":11,"message":"error return value not checked (db.Update(func(tx *bolt.Tx) error {)"}
]
